commit adabd0a08af745590a7badd9e426f1b2f8d7e2cd
Author: Darya Mylius <daryam@cs.utexas.edu>
Date:   Wed Jun 15 12:37:10 2016 -0500

    UVaCollatz.c++ created

commit 162a14d761291bde6a174c7e244708a22c5775ee
Author: Darya Mylius <daryam@cs.utexas.edu>
Date:   Wed Jun 15 12:26:13 2016 -0500

    tests pass and unit/acc tests done fix #6 #7 #11

commit 4c463b82c48a528b8dcbdfd2b9ce5768a0f0e19b
Author: Darya Mylius <daryam@cs.utexas.edu>
Date:   Wed Jun 15 12:07:39 2016 -0500

     simplest implementation done close #8

commit 753606eed5a1a8c68f03ad4b625e93dbee4f1cc9
Author: Darya Mylius <daryam@cs.utexas.edu>
Date:   Tue Jun 14 16:16:51 2016 -0500

    trying to build again

commit f0369c014a5353daa3503daa1857903074838b36
Author: Darya Mylius <daryam@cs.utexas.edu>
Date:   Tue Jun 14 16:15:48 2016 -0500

    trying to build again

commit cf61679392c0edac8d433358238c191496b50b7c
Author: Darya Mylius <daryam@cs.utexas.edu>
Date:   Tue Jun 14 16:09:57 2016 -0500

    recommitting after running make test

commit 7f154f83de1a64f23995b5cb854ff1125f136cb6
Author: Darya Mylius <daryam@cs.utexas.edu>
Date:   Tue Jun 14 16:04:31 2016 -0500

    recommitting to correct issue
