1 10 20
100 200 125
201 210 89
900 1000 174
1 20 21
66622 712507 470
509 557033 470
776549 967969 476
986016 516871 476
995559 41908 476
726540 505535 470
649637 243358 470
882977 322742 470
800503 174772 470
945519 92872 476
570937 3443 470
166535 9247 383
38933 592 324
1074 1852 182
8636 4208 262
3767 4764 215
4174 7792 262
7261 7706 239
2477 8034 262
6613 4427 262
5058 1744 238
6173 150 262
7681 1686 262
6209 5084 262
674 195 145
7895 6844 257
8536 9161 247
8758 3758 262
7960 2505 262
8962 6119 262
9485 9632 198
9754 7244 260
3234 8028 262
8252 1262 262
5858 2534 238
8497 2059 262
565 4422 238
4025 1 238
10 100 119
200 201 27
210 900 179
1000 1 179
1 29 112
45 48 105
48 20 112
3 32 112
7 25 24
17 8 20
33 15 112
27 44 112
15 43 112
37 35 22
33 3 112
47 14 112
5 19 21
27 5 112
38 40 35
36 88 116
100 20 119
21 222222 386
22222 48 279
96 12 116
12 13 10
133333 456 354
3453 245 217
8765 4554 262
56567 244 340
45 324 131
6453 3455 262
34543 22 311
33 987243 476
334 234 144
546456 23 470
24 1357 182
45765 324 324
6 234365 443
88 2345 183
756567 34 470
333 567678 470
456 35345 311
567567 456 470
45646 5435 324
444 5354 238
76 56 116
58 1 113
10000 10000 30
1 1 1
14 14 18
2 35 112
88 234 128
666 333 145
666 111 145
666 778 171
5454 2354 238
987 1 179
100 56 119
57 345 144
55 345 144
56 345 144
57 12 113
22 3 21
4 3 8
